<?xml version="1.0" encoding="UTF-8"?>
<!-- Generated by org.testng.reporters.JUnitXMLReporter -->
<testsuite ignored="0" hostname="FFE-Anusha-TS" failures="0" tests="3" name="Test-runner-2" time="15.188" errors="0" timestamp="2025-08-20T12:36:21 IST">
  <testcase classname="ninzaCRMPractice.CampaignTest" name="sample" time="0.007"/>
  <testcase classname="ninzaCRMPractice.CampaignTest" name="sample1" time="0.0">
    <skipped/>
  </testcase> <!-- sample1 -->
  <testcase classname="ninzaCRMPractice.CampaignTest" name="tc_001_createCampaignTest" time="0.0">
    <skipped/>
  </testcase> <!-- tc_001_createCampaignTest -->
</testsuite> <!-- Test-runner-2 -->
