<?xml version="1.0" encoding="UTF-8"?>
<!-- Generated by org.testng.reporters.JUnitReportReporter -->
<testsuite hostname="FFE-Anusha-TS" failures="0" tests="1" name="TestNGPractice.AssertionsPractice" time="0.016" errors="0" timestamp="2025-08-18T12:44:38 IST" skipped="0">
  <testcase classname="TestNGPractice.AssertionsPractice" name="sampleTest" time="0.016"/>
</testsuite> <!-- TestNGPractice.AssertionsPractice -->
