<?xml version="1.0" encoding="UTF-8"?>
<!-- Generated by org.testng.reporters.JUnitReportReporter -->
<testsuite hostname="FFE-Anusha-TS" failures="0" tests="1" name="practice.ReadDatafromCmdLine" time="0.013" errors="0" timestamp="2025-08-22T12:44:12 IST" skipped="0">
  <testcase classname="practice.ReadDatafromCmdLine" name="readDate" time="0.013"/>
</testsuite> <!-- practice.ReadDatafromCmdLine -->
