<?xml version="1.0" encoding="UTF-8"?>
<!-- Generated by org.testng.reporters.JUnitReportReporter -->
<testsuite hostname="FFE-Anusha-TS" failures="0" tests="1" name="TestNGPractice.TestNGPractice" time="0.021" errors="0" timestamp="2025-08-18T11:07:00 IST" skipped="0">
  <testcase classname="TestNGPractice.TestNGPractice" name="create" time="0.021"/>
</testsuite> <!-- TestNGPractice.TestNGPractice -->
