<?xml version="1.0" encoding="UTF-8"?>
<!-- Generated by org.testng.reporters.JUnitReportReporter -->
<testsuite hostname="FFE-Anusha-TS" failures="0" tests="4" name="TestNGPractice.DataProvider" time="0.043" errors="0" timestamp="2025-08-18T11:37:59 IST" skipped="0">
  <testcase classname="TestNGPractice.DataProvider" name="create" time="0.002"/>
  <testcase classname="TestNGPractice.DataProvider" name="create" time="0.004"/>
  <testcase classname="TestNGPractice.DataProvider" name="create" time="0.002"/>
  <testcase classname="TestNGPractice.DataProvider" name="create" time="0.035"/>
</testsuite> <!-- TestNGPractice.DataProvider -->
